[debug] [2021-12-07T16:25:38.173Z] ----------------------------------------------------------------------
[debug] [2021-12-07T16:25:38.176Z] Command:       C:\Program Files\nodejs\node.exe C:\Users\DINITECNO\AppData\Roaming\npm\node_modules\firebase-tools\lib\bin\firebase.js init
[debug] [2021-12-07T16:25:38.177Z] CLI Version:   9.23.0
[debug] [2021-12-07T16:25:38.177Z] Platform:      win32
[debug] [2021-12-07T16:25:38.177Z] Node Version:  v16.13.1
[debug] [2021-12-07T16:25:38.178Z] Time:          Tue Dec 07 2021 11:25:38 GMT-0500 (hora estándar de Colombia)
[debug] [2021-12-07T16:25:38.179Z] ----------------------------------------------------------------------
[debug] 
[debug] [2021-12-07T16:25:38.192Z] > command requires scopes: ["email","openid","https://www.googleapis.com/auth/cloudplatformprojects.readonly","https://www.googleapis.com/auth/firebase","https://www.googleapis.com/auth/cloud-platform"]
[debug] [2021-12-07T16:25:38.192Z] > authorizing via signed-in user (buti384@gmail.com)
[info] 
     ######## #### ########  ######## ########     ###     ######  ########
     ##        ##  ##     ## ##       ##     ##  ##   ##  ##       ##
     ######    ##  ########  ######   ########  #########  ######  ######
     ##        ##  ##    ##  ##       ##     ## ##     ##       ## ##
     ##       #### ##     ## ######## ########  ##     ##  ######  ########

You're about to initialize a Firebase project in this directory:

  C:\Users\DINITECNO\Desktop\Nueva carpeta\hostal

[info] 
=== Project Setup
[info] 
[info] First, let's associate this project directory with a Firebase project.
[info] You can create multiple project aliases by running firebase use --add, 
[info] but for now we'll just set up a default project.
[info] 
[debug] [2021-12-07T16:27:20.904Z] >>> [apiv2][query] GET https://firebase.googleapis.com/v1beta1/projects pageSize=100
[debug] [2021-12-07T16:27:21.523Z] <<< [apiv2][status] GET https://firebase.googleapis.com/v1beta1/projects 200
[debug] [2021-12-07T16:27:21.523Z] <<< [apiv2][body] GET https://firebase.googleapis.com/v1beta1/projects [omitted]
[info] i  Using project hostal-e5132 (hostal) 
[info] 
=== Hosting Setup
[info] 
[info] Your public directory is the folder (relative to your project directory) that
[info] will contain Hosting assets to be uploaded with firebase deploy. If you
[info] have a build process for your assets, use your build's output directory.
[info] 
[debug] [2021-12-07T16:27:56.692Z] >>> [apiv2][query] GET https://www.gstatic.com/firebasejs/releases.json [none]
[debug] [2021-12-07T16:27:56.822Z] <<< [apiv2][status] GET https://www.gstatic.com/firebasejs/releases.json 200
[debug] [2021-12-07T16:27:56.823Z] <<< [apiv2][body] GET https://www.gstatic.com/firebasejs/releases.json {"current":{"version":"9.6.0","browserURL":"https://www.gstatic.com/firebasejs/9.6.0/firebase.js","packageURL":"https://www.gstatic.com/firebasejs/9.6.0/firebase.tgz"},"live":{"version":"9.6","browserURL":"https://www.gstatic.com/firebasejs/live/9.6/firebase.js","packageURL":"https://www.gstatic.com/firebasejs/live/9.6/firebase.tgz"},"components":{"analytics":"https://www.gstatic.com/firebasejs/9.6.0/firebase-analytics.js","app":"https://www.gstatic.com/firebasejs/9.6.0/firebase-app.js","app-check":"https://www.gstatic.com/firebasejs/9.6.0/firebase-app-check.js","auth":"https://www.gstatic.com/firebasejs/9.6.0/firebase-auth.js","auth/cordova":"https://www.gstatic.com/firebasejs/9.6.0/firebase-auth/cordova.js","auth/react-native":"https://www.gstatic.com/firebasejs/9.6.0/firebase-auth/react-native.js","functions":"https://www.gstatic.com/firebasejs/9.6.0/firebase-functions.js","firestore":"https://www.gstatic.com/firebasejs/9.6.0/firebase-firestore.js","firestore/lite":"https://www.gstatic.com/firebasejs/9.6.0/firebase-firestore/lite.js","storage":"https://www.gstatic.com/firebasejs/9.6.0/firebase-storage.js","performance":"https://www.gstatic.com/firebasejs/9.6.0/firebase-performance.js","remote-config":"https://www.gstatic.com/firebasejs/9.6.0/firebase-remote-config.js","messaging":"https://www.gstatic.com/firebasejs/9.6.0/firebase-messaging.js","messaging/sw":"https://www.gstatic.com/firebasejs/9.6.0/firebase-messaging/sw.js","database":"https://www.gstatic.com/firebasejs/9.6.0/firebase-database.js","firestore.memory":"https://www.gstatic.com/firebasejs/9.6.0/firebase-firestore.memory.js"}}
[info] +  Wrote public/index.html 
[info] 
[info] i  Didn't detect a .git folder. Assuming C:\Users\DINITECNO\Desktop\Nueva carpeta\hostal is the project root. 
[info] i  Authorizing with GitHub to upload your service account to a GitHub repository's secrets store. 
[info] 
[info] Visit this URL on this device to log in:
[info] https://github.com/login/oauth/authorize?client_id=89cf50f02ac6aaed3484&state=946641071&redirect_uri=http%3A%2F%2Flocalhost%3A9005&scope=read%3Auser%20repo%20public_repo
[info] 
[info] Waiting for authentication...
